[35m[1mConsolidate compiler generated dependencies of target relay[0m
[  0%] Built target ament_cmake_python_copy_lab1_pkg
[ 50%] [32mBuilding CXX object CMakeFiles/relay.dir/src/relay.cpp.o[0m
running egg_info
writing lab1_pkg.egg-info/PKG-INFO
writing dependency_links to lab1_pkg.egg-info/dependency_links.txt
writing top-level names to lab1_pkg.egg-info/top_level.txt
reading manifest file 'lab1_pkg.egg-info/SOURCES.txt'
writing manifest file 'lab1_pkg.egg-info/SOURCES.txt'
[ 50%] Built target ament_cmake_python_build_lab1_pkg_egg
[01m[K/home/jerry/lab1_ws/src/lab1_pkg/src/relay.cpp:[m[K In member function â€˜[01m[Kvoid RelayNode::callback(ackermann_msgs::msg::AckermannDriveStamped_<std::allocator<void> >::SharedPtr)[m[Kâ€™:
[01m[K/home/jerry/lab1_ws/src/lab1_pkg/src/relay.cpp:17:27:[m[K [01;31m[Kerror: [m[Kâ€˜[01m[Kusing element_type = struct ackermann_msgs::msg::AckermannDriveStamped_<std::allocator<void> >[m[Kâ€™ {aka â€˜[01m[Kstruct ackermann_msgs::msg::AckermannDriveStamped_<std::allocator<void> >[m[Kâ€™} has no member named â€˜[01m[Kspeed[m[Kâ€™
   17 |         v_relay_ = drive->[01;31m[Kspeed[m[K;
      |                           [01;31m[K^~~~~[m[K
[01m[K/home/jerry/lab1_ws/src/lab1_pkg/src/relay.cpp:18:27:[m[K [01;31m[Kerror: [m[Kâ€˜[01m[Kusing element_type = struct ackermann_msgs::msg::AckermannDriveStamped_<std::allocator<void> >[m[Kâ€™ {aka â€˜[01m[Kstruct ackermann_msgs::msg::AckermannDriveStamped_<std::allocator<void> >[m[Kâ€™} has no member named â€˜[01m[Ksteering_angle[m[Kâ€™
   18 |         d_relay_ = drive->[01;31m[Ksteering_angle[m[K;
      |                           [01;31m[K^~~~~~~~~~~~~~[m[K
[01m[K/home/jerry/lab1_ws/src/lab1_pkg/src/relay.cpp:20:21:[m[K [01;31m[Kerror: [m[Kâ€˜[01m[Kstruct ackermann_msgs::msg::AckermannDriveStamped_<std::allocator<void> >[m[Kâ€™ has no member named â€˜[01m[Kspeed[m[Kâ€™
   20 |         drive_delay.[01;31m[Kspeed[m[K = v_relay_ * 3;
      |                     [01;31m[K^~~~~[m[K
[01m[K/home/jerry/lab1_ws/src/lab1_pkg/src/relay.cpp:21:21:[m[K [01;31m[Kerror: [m[Kâ€˜[01m[Kstruct ackermann_msgs::msg::AckermannDriveStamped_<std::allocator<void> >[m[Kâ€™ has no member named â€˜[01m[Ksteering_angle[m[Kâ€™
   21 |         drive_delay.[01;31m[Ksteering_angle[m[K = d_relay_ * 3;
      |                     [01;31m[K^~~~~~~~~~~~~~[m[K
gmake[2]: *** [CMakeFiles/relay.dir/build.make:76: CMakeFiles/relay.dir/src/relay.cpp.o] Error 1
gmake[1]: *** [CMakeFiles/Makefile2:140: CMakeFiles/relay.dir/all] Error 2
gmake: *** [Makefile:146: all] Error 2
