[01m[K/home/jerry/lab1_ws/src/lab1_pkg/src/relay.cpp:2:10:[m[K [01;31m[Kfatal error: [m[Kackermann_msgs/msg/AckermannDrive.hpp: No such file or directory
    2 | #include [01;31m[K"ackermann_msgs/msg/AckermannDrive.hpp"[m[K
      |          [01;31m[K^~~~~~~~~~~~~~~~~~~~~~~~~~~~~~~~~~~~~~~[m[K
compilation terminated.
gmake[2]: *** [CMakeFiles/relay.dir/build.make:76: CMakeFiles/relay.dir/src/relay.cpp.o] Error 1
gmake[1]: *** [CMakeFiles/Makefile2:140: CMakeFiles/relay.dir/all] Error 2
gmake[1]: *** Waiting for unfinished jobs....
gmake: *** [Makefile:146: all] Error 2
