[0.024s] Invoking command in '/home/jerry/lab1_ws/build/lab1_pkg': CMAKE_PREFIX_PATH=${CMAKE_PREFIX_PATH}:/home/jerry/ros2_ws/install/my_py_pkg:/opt/ros/humble /usr/bin/cmake --build /home/jerry/lab1_ws/build/lab1_pkg -- -j2 -l2
[0.057s] -- Found ament_cmake: 1.3.8 (/opt/ros/humble/share/ament_cmake/cmake)
[0.244s] -- Found rclcpp: 16.0.8 (/opt/ros/humble/share/rclcpp/cmake)
[0.277s] -- Found rosidl_generator_c: 3.1.5 (/opt/ros/humble/share/rosidl_generator_c/cmake)
[0.283s] -- Found rosidl_adapter: 3.1.5 (/opt/ros/humble/share/rosidl_adapter/cmake)
[0.290s] -- Found rosidl_generator_cpp: 3.1.5 (/opt/ros/humble/share/rosidl_generator_cpp/cmake)
[0.304s] -- Using all available rosidl_typesupport_c: rosidl_typesupport_fastrtps_c;rosidl_typesupport_introspection_c
[0.324s] -- Using all available rosidl_typesupport_cpp: rosidl_typesupport_fastrtps_cpp;rosidl_typesupport_introspection_cpp
[0.414s] -- Found rmw_implementation_cmake: 6.1.1 (/opt/ros/humble/share/rmw_implementation_cmake/cmake)
[0.416s] -- Found rmw_fastrtps_cpp: 6.2.6 (/opt/ros/humble/share/rmw_fastrtps_cpp/cmake)
[0.554s] -- Using RMW implementation 'rmw_fastrtps_cpp' as default
[0.750s] -- Found rclpy: 3.3.12 (/opt/ros/humble/share/rclpy/cmake)
[0.751s] -- Found ackermann_msgs: 2.0.2 (/opt/ros/humble/share/ackermann_msgs/cmake)
[0.876s] -- Found ament_lint_auto: 0.12.10 (/opt/ros/humble/share/ament_lint_auto/cmake)
[0.958s] -- Added test 'cppcheck' to perform static code analysis on C / C++ code
[0.959s] -- Configured cppcheck include dirs: 
[0.959s] -- Configured cppcheck exclude dirs and/or files: 
[0.959s] -- Added test 'flake8' to check Python code syntax and style conventions
[0.960s] -- Added test 'lint_cmake' to check CMake code style
[0.961s] -- Added test 'pep257' to check Python code against some of the docstring style conventions in PEP 257
[0.962s] -- Added test 'uncrustify' to check C / C++ code style
[0.962s] -- Configured uncrustify additional arguments: 
[0.963s] -- Added test 'xmllint' to check XML markup files
[0.964s] -- Configuring done
[0.975s] -- Generating done
[0.978s] -- Build files have been written to: /home/jerry/lab1_ws/build/lab1_pkg
[1.016s] [ 50%] [32mBuilding CXX object CMakeFiles/relay.dir/src/relay.cpp.o[0m
[1.027s] [ 50%] Built target ament_cmake_python_copy_lab1_pkg
[1.240s] [01m[K/home/jerry/lab1_ws/src/lab1_pkg/src/relay.cpp:2:10:[m[K [01;31m[Kfatal error: [m[Kackermann_msgs/msg/AckermannDrive.hpp: No such file or directory
[1.241s]     2 | #include [01;31m[K"ackermann_msgs/msg/AckermannDrive.hpp"[m[K
[1.241s]       |          [01;31m[K^~~~~~~~~~~~~~~~~~~~~~~~~~~~~~~~~~~~~~~[m[K
[1.242s] compilation terminated.
[1.247s] gmake[2]: *** [CMakeFiles/relay.dir/build.make:76: CMakeFiles/relay.dir/src/relay.cpp.o] Error 1
[1.247s] gmake[1]: *** [CMakeFiles/Makefile2:140: CMakeFiles/relay.dir/all] Error 2
[1.248s] gmake[1]: *** Waiting for unfinished jobs....
[1.369s] running egg_info
[1.370s] writing lab1_pkg.egg-info/PKG-INFO
[1.371s] writing dependency_links to lab1_pkg.egg-info/dependency_links.txt
[1.372s] writing top-level names to lab1_pkg.egg-info/top_level.txt
[1.375s] reading manifest file 'lab1_pkg.egg-info/SOURCES.txt'
[1.377s] writing manifest file 'lab1_pkg.egg-info/SOURCES.txt'
[1.407s] [ 50%] Built target ament_cmake_python_build_lab1_pkg_egg
[1.411s] gmake: *** [Makefile:146: all] Error 2
[1.412s] Invoked command in '/home/jerry/lab1_ws/build/lab1_pkg' returned '2': CMAKE_PREFIX_PATH=${CMAKE_PREFIX_PATH}:/home/jerry/ros2_ws/install/my_py_pkg:/opt/ros/humble /usr/bin/cmake --build /home/jerry/lab1_ws/build/lab1_pkg -- -j2 -l2
