[ 50%] [32mBuilding CXX object CMakeFiles/relay.dir/src/relay.cpp.o[0m
[ 50%] Built target ament_cmake_python_copy_lab1_pkg
running egg_info
writing lab1_pkg.egg-info/PKG-INFO
writing dependency_links to lab1_pkg.egg-info/dependency_links.txt
writing top-level names to lab1_pkg.egg-info/top_level.txt
reading manifest file 'lab1_pkg.egg-info/SOURCES.txt'
writing manifest file 'lab1_pkg.egg-info/SOURCES.txt'
[ 50%] Built target ament_cmake_python_build_lab1_pkg_egg
[01m[K/home/jerry/lab1_ws/src/lab1_pkg/src/relay.cpp:7:5:[m[K [01;31m[Kerror: [m[KISO C++ forbids declaration of â€˜[01m[KNumberCounterNode[m[Kâ€™ with no type [[01;31m[K]8;;https://gcc.gnu.org/onlinedocs/gcc/Warning-Options.html#index-fpermissive-fpermissive]8;;[m[K]
    7 |     [01;31m[KNumberCounterNode[m[K() : Node("relay")
      |     [01;31m[K^~~~~~~~~~~~~~~~~[m[K
[01m[K/home/jerry/lab1_ws/src/lab1_pkg/src/relay.cpp:[m[K In member function â€˜[01m[Kint RelayNode::NumberCounterNode()[m[Kâ€™:
[01m[K/home/jerry/lab1_ws/src/lab1_pkg/src/relay.cpp:7:27:[m[K [01;31m[Kerror: [m[Konly constructors take member initializers
    7 |     NumberCounterNode() : [01;31m[KNode[m[K("relay")
      |                           [01;31m[K^~~~[m[K
[01m[K/home/jerry/lab1_ws/src/lab1_pkg/src/relay.cpp:12:5:[m[K [01;35m[Kwarning: [m[Kno return statement in function returning non-void [[01;35m[K]8;;https://gcc.gnu.org/onlinedocs/gcc/Warning-Options.html#index-Wreturn-type-Wreturn-type]8;;[m[K]
   12 |     [01;35m[K}[m[K
      |     [01;35m[K^[m[K
[01m[K/home/jerry/lab1_ws/src/lab1_pkg/src/relay.cpp:[m[K In member function â€˜[01m[Kvoid RelayNode::callback(ackermann_msgs::msg::AckermannDriveStamped_<std::allocator<void> >::SharedPtr)[m[Kâ€™:
[01m[K/home/jerry/lab1_ws/src/lab1_pkg/src/relay.cpp:17:27:[m[K [01;31m[Kerror: [m[Kâ€˜[01m[Kusing element_type = struct ackermann_msgs::msg::AckermannDriveStamped_<std::allocator<void> >[m[Kâ€™ {aka â€˜[01m[Kstruct ackermann_msgs::msg::AckermannDriveStamped_<std::allocator<void> >[m[Kâ€™} has no member named â€˜[01m[Kspeed[m[Kâ€™
   17 |         v_relay_ = drive->[01;31m[Kspeed[m[K;
      |                           [01;31m[K^~~~~[m[K
[01m[K/home/jerry/lab1_ws/src/lab1_pkg/src/relay.cpp:18:27:[m[K [01;31m[Kerror: [m[Kâ€˜[01m[Kusing element_type = struct ackermann_msgs::msg::AckermannDriveStamped_<std::allocator<void> >[m[Kâ€™ {aka â€˜[01m[Kstruct ackermann_msgs::msg::AckermannDriveStamped_<std::allocator<void> >[m[Kâ€™} has no member named â€˜[01m[Ksteering_angle[m[Kâ€™
   18 |         d_relay_ = drive->[01;31m[Ksteering_angle[m[K;
      |                           [01;31m[K^~~~~~~~~~~~~~[m[K
[01m[K/home/jerry/lab1_ws/src/lab1_pkg/src/relay.cpp:20:21:[m[K [01;31m[Kerror: [m[Kâ€˜[01m[Kstruct ackermann_msgs::msg::AckermannDriveStamped_<std::allocator<void> >[m[Kâ€™ has no member named â€˜[01m[Kspeed[m[Kâ€™
   20 |         drive_delay.[01;31m[Kspeed[m[K = v_relay_ * 3;
      |                     [01;31m[K^~~~~[m[K
[01m[K/home/jerry/lab1_ws/src/lab1_pkg/src/relay.cpp:21:21:[m[K [01;31m[Kerror: [m[Kâ€˜[01m[Kstruct ackermann_msgs::msg::AckermannDriveStamped_<std::allocator<void> >[m[Kâ€™ has no member named â€˜[01m[Ksteering_angle[m[Kâ€™
   21 |         drive_delay.[01;31m[Ksteering_angle[m[K = d_relay_ * 3;
      |                     [01;31m[K^~~~~~~~~~~~~~[m[K
In file included from [01m[K/usr/include/x86_64-linux-gnu/c++/11/bits/c++allocator.h:33[m[K,
                 from [01m[K/usr/include/c++/11/bits/allocator.h:46[m[K,
                 from [01m[K/usr/include/c++/11/memory:64[m[K,
                 from [01m[K/opt/ros/humble/include/rclcpp/rclcpp/rclcpp.hpp:153[m[K,
                 from [01m[K/home/jerry/lab1_ws/src/lab1_pkg/src/relay.cpp:1[m[K:
/usr/include/c++/11/ext/new_allocator.h: In instantiation of â€˜[01m[Kvoid __gnu_cxx::new_allocator<_Tp>::construct(_Up*, _Args&& ...) [with _Up = RelayNode; _Args = {}; _Tp = RelayNode][m[Kâ€™:
[01m[K/usr/include/c++/11/bits/alloc_traits.h:516:17:[m[K   required from â€˜[01m[Kstatic void std::allocator_traits<std::allocator<_Tp1> >::construct(std::allocator_traits<std::allocator<_Tp1> >::allocator_type&, _Up*, _Args&& ...) [with _Up = RelayNode; _Args = {}; _Tp = RelayNode; std::allocator_traits<std::allocator<_Tp1> >::allocator_type = std::allocator<RelayNode>][m[Kâ€™
[01m[K/usr/include/c++/11/bits/shared_ptr_base.h:519:39:[m[K   required from â€˜[01m[Kstd::_Sp_counted_ptr_inplace<_Tp, _Alloc, _Lp>::_Sp_counted_ptr_inplace(_Alloc, _Args&& ...) [with _Args = {}; _Tp = RelayNode; _Alloc = std::allocator<RelayNode>; __gnu_cxx::_Lock_policy _Lp = __gnu_cxx::_S_atomic][m[Kâ€™
[01m[K/usr/include/c++/11/bits/shared_ptr_base.h:650:16:[m[K   required from â€˜[01m[Kstd::__shared_count<_Lp>::__shared_count(_Tp*&, std::_Sp_alloc_shared_tag<_Alloc>, _Args&& ...) [with _Tp = RelayNode; _Alloc = std::allocator<RelayNode>; _Args = {}; __gnu_cxx::_Lock_policy _Lp = __gnu_cxx::_S_atomic][m[Kâ€™
[01m[K/usr/include/c++/11/bits/shared_ptr_base.h:1342:14:[m[K   required from â€˜[01m[Kstd::__shared_ptr<_Tp, _Lp>::__shared_ptr(std::_Sp_alloc_shared_tag<_Tp>, _Args&& ...) [with _Alloc = std::allocator<RelayNode>; _Args = {}; _Tp = RelayNode; __gnu_cxx::_Lock_policy _Lp = __gnu_cxx::_S_atomic][m[Kâ€™
[01m[K/usr/include/c++/11/bits/shared_ptr.h:409:59:[m[K   required from â€˜[01m[Kstd::shared_ptr<_Tp>::shared_ptr(std::_Sp_alloc_shared_tag<_Tp>, _Args&& ...) [with _Alloc = std::allocator<RelayNode>; _Args = {}; _Tp = RelayNode][m[Kâ€™
[01m[K/usr/include/c++/11/bits/shared_ptr.h:862:14:[m[K   required from â€˜[01m[Kstd::shared_ptr<_Tp> std::allocate_shared(const _Alloc&, _Args&& ...) [with _Tp = RelayNode; _Alloc = std::allocator<RelayNode>; _Args = {}][m[Kâ€™
[01m[K/usr/include/c++/11/bits/shared_ptr.h:878:39:[m[K   required from â€˜[01m[Kstd::shared_ptr<_Tp> std::make_shared(_Args&& ...) [with _Tp = RelayNode; _Args = {}][m[Kâ€™
[01m[K/home/jerry/lab1_ws/src/lab1_pkg/src/relay.cpp:34:44:[m[K   required from here
[01m[K/usr/include/c++/11/ext/new_allocator.h:162:11:[m[K [01;31m[Kerror: [m[Kuse of deleted function â€˜[01m[KRelayNode::RelayNode()[m[Kâ€™
  162 |         { [01;31m[K::new((void *)__p) _Up(std::forward<_Args>(__args)...)[m[K; }
      |           [01;31m[K^~~~~~~~~~~~~~~~~~~~~~~~~~~~~~~~~~~~~~~~~~~~~~~~~~~~~~[m[K
[01m[K/home/jerry/lab1_ws/src/lab1_pkg/src/relay.cpp:4:7:[m[K [01;36m[Knote: [m[Kâ€˜[01m[KRelayNode::RelayNode()[m[Kâ€™ is implicitly deleted because the default definition would be ill-formed:
    4 | class [01;36m[KRelayNode[m[K : public rclcpp::Node
      |       [01;36m[K^~~~~~~~~[m[K
[01m[K/home/jerry/lab1_ws/src/lab1_pkg/src/relay.cpp:4:7:[m[K [01;31m[Kerror: [m[Kno matching function for call to â€˜[01m[Krclcpp::Node::Node()[m[Kâ€™
In file included from [01m[K/opt/ros/humble/include/rclcpp/rclcpp/executors/single_threaded_executor.hpp:28[m[K,
                 from [01m[K/opt/ros/humble/include/rclcpp/rclcpp/executors.hpp:22[m[K,
                 from [01m[K/opt/ros/humble/include/rclcpp/rclcpp/rclcpp.hpp:155[m[K,
                 from [01m[K/home/jerry/lab1_ws/src/lab1_pkg/src/relay.cpp:1[m[K:
[01m[K/opt/ros/humble/include/rclcpp/rclcpp/node.hpp:1294:3:[m[K [01;36m[Knote: [m[Kcandidate: â€˜[01m[Krclcpp::Node::Node(const rclcpp::Node&, const string&)[m[Kâ€™
 1294 |   [01;36m[KNode[m[K(
      |   [01;36m[K^~~~[m[K
[01m[K/opt/ros/humble/include/rclcpp/rclcpp/node.hpp:1294:3:[m[K [01;36m[Knote: [m[K  candidate expects 2 arguments, 0 provided
[01m[K/opt/ros/humble/include/rclcpp/rclcpp/node.hpp:101:12:[m[K [01;36m[Knote: [m[Kcandidate: â€˜[01m[Krclcpp::Node::Node(const string&, const string&, const rclcpp::NodeOptions&)[m[Kâ€™
  101 |   explicit [01;36m[KNode[m[K(
      |            [01;36m[K^~~~[m[K
[01m[K/opt/ros/humble/include/rclcpp/rclcpp/node.hpp:101:12:[m[K [01;36m[Knote: [m[K  candidate expects 3 arguments, 0 provided
[01m[K/opt/ros/humble/include/rclcpp/rclcpp/node.hpp:89:12:[m[K [01;36m[Knote: [m[Kcandidate: â€˜[01m[Krclcpp::Node::Node(const string&, const rclcpp::NodeOptions&)[m[Kâ€™
   89 |   explicit [01;36m[KNode[m[K(
      |            [01;36m[K^~~~[m[K
[01m[K/opt/ros/humble/include/rclcpp/rclcpp/node.hpp:89:12:[m[K [01;36m[Knote: [m[K  candidate expects 2 arguments, 0 provided
gmake[2]: *** [CMakeFiles/relay.dir/build.make:76: CMakeFiles/relay.dir/src/relay.cpp.o] Error 1
gmake[1]: *** [CMakeFiles/Makefile2:140: CMakeFiles/relay.dir/all] Error 2
gmake: *** [Makefile:146: all] Error 2
