[0.000000] (-) TimerEvent: {}
[0.000503] (lab1_pkg) JobQueued: {'identifier': 'lab1_pkg', 'dependencies': OrderedDict()}
[0.001474] (lab1_pkg) JobStarted: {'identifier': 'lab1_pkg'}
[0.018975] (lab1_pkg) JobProgress: {'identifier': 'lab1_pkg', 'progress': 'cmake'}
[0.025071] (lab1_pkg) JobProgress: {'identifier': 'lab1_pkg', 'progress': 'build'}
[0.025155] (lab1_pkg) Command: {'cmd': ['/usr/bin/cmake', '--build', '/home/jerry/lab1_ws/build/lab1_pkg', '--', '-j2', '-l2'], 'cwd': '/home/jerry/lab1_ws/build/lab1_pkg', 'env': OrderedDict([('LESSOPEN', '| /usr/bin/lesspipe %s'), ('USER', 'jerry'), ('LC_TIME', 'nl_NL.UTF-8'), ('XDG_SESSION_TYPE', 'wayland'), ('SHLVL', '1'), ('LD_LIBRARY_PATH', '/opt/ros/humble/opt/rviz_ogre_vendor/lib:/opt/ros/humble/lib/x86_64-linux-gnu:/opt/ros/humble/lib'), ('HOME', '/home/jerry'), ('OLDPWD', '/home/jerry/lab1_ws/src'), ('DESKTOP_SESSION', 'ubuntu'), ('ROS_PYTHON_VERSION', '3'), ('GNOME_SHELL_SESSION_MODE', 'ubuntu'), ('GTK_MODULES', 'gail:atk-bridge'), ('LC_MONETARY', 'nl_NL.UTF-8'), ('SYSTEMD_EXEC_PID', '2324'), ('DBUS_SESSION_BUS_ADDRESS', 'unix:path=/run/user/1000/bus'), ('COLORTERM', 'truecolor'), ('IM_CONFIG_PHASE', '1'), ('WAYLAND_DISPLAY', 'wayland-0'), ('COLCON_PREFIX_PATH', '/home/jerry/lab1_ws/install:/home/jerry/ros2_ws/install'), ('ROS_DISTRO', 'humble'), ('LOGNAME', 'jerry'), ('_', '/usr/bin/colcon'), ('ROS_VERSION', '2'), ('XDG_SESSION_CLASS', 'user'), ('USERNAME', 'jerry'), ('TERM', 'xterm-256color'), ('GNOME_DESKTOP_SESSION_ID', 'this-is-deprecated'), ('ROS_LOCALHOST_ONLY', '0'), ('PATH', '/opt/ros/humble/bin:/usr/local/sbin:/usr/local/bin:/usr/sbin:/usr/bin:/sbin:/bin:/usr/games:/usr/local/games:/snap/bin:/snap/bin'), ('SESSION_MANAGER', 'local/jerry-VirtualBox:@/tmp/.ICE-unix/1326,unix/jerry-VirtualBox:/tmp/.ICE-unix/1326'), ('XDG_MENU_PREFIX', 'gnome-'), ('LC_ADDRESS', 'nl_NL.UTF-8'), ('GNOME_TERMINAL_SCREEN', '/org/gnome/Terminal/screen/2c83038a_0907_4c29_802d_e6fdbcc7e05c'), ('GNOME_SETUP_DISPLAY', ':1'), ('XDG_RUNTIME_DIR', '/run/user/1000'), ('DISPLAY', ':0'), ('LANG', 'en_US.UTF-8'), ('XDG_CURRENT_DESKTOP', 'ubuntu:GNOME'), ('LC_TELEPHONE', 'nl_NL.UTF-8'), ('XMODIFIERS', '@im=ibus'), ('XDG_SESSION_DESKTOP', 'ubuntu'), ('XAUTHORITY', '/run/user/1000/.mutter-Xwaylandauth.IDHVM2'), ('LS_COLORS', 'rs=0:di=01;34:ln=01;36:mh=00:pi=40;33:so=01;35:do=01;35:bd=40;33;01:cd=40;33;01:or=40;31;01:mi=00:su=37;41:sg=30;43:ca=30;41:tw=30;42:ow=34;42:st=37;44:ex=01;32:*.tar=01;31:*.tgz=01;31:*.arc=01;31:*.arj=01;31:*.taz=01;31:*.lha=01;31:*.lz4=01;31:*.lzh=01;31:*.lzma=01;31:*.tlz=01;31:*.txz=01;31:*.tzo=01;31:*.t7z=01;31:*.zip=01;31:*.z=01;31:*.dz=01;31:*.gz=01;31:*.lrz=01;31:*.lz=01;31:*.lzo=01;31:*.xz=01;31:*.zst=01;31:*.tzst=01;31:*.bz2=01;31:*.bz=01;31:*.tbz=01;31:*.tbz2=01;31:*.tz=01;31:*.deb=01;31:*.rpm=01;31:*.jar=01;31:*.war=01;31:*.ear=01;31:*.sar=01;31:*.rar=01;31:*.alz=01;31:*.ace=01;31:*.zoo=01;31:*.cpio=01;31:*.7z=01;31:*.rz=01;31:*.cab=01;31:*.wim=01;31:*.swm=01;31:*.dwm=01;31:*.esd=01;31:*.jpg=01;35:*.jpeg=01;35:*.mjpg=01;35:*.mjpeg=01;35:*.gif=01;35:*.bmp=01;35:*.pbm=01;35:*.pgm=01;35:*.ppm=01;35:*.tga=01;35:*.xbm=01;35:*.xpm=01;35:*.tif=01;35:*.tiff=01;35:*.png=01;35:*.svg=01;35:*.svgz=01;35:*.mng=01;35:*.pcx=01;35:*.mov=01;35:*.mpg=01;35:*.mpeg=01;35:*.m2v=01;35:*.mkv=01;35:*.webm=01;35:*.webp=01;35:*.ogm=01;35:*.mp4=01;35:*.m4v=01;35:*.mp4v=01;35:*.vob=01;35:*.qt=01;35:*.nuv=01;35:*.wmv=01;35:*.asf=01;35:*.rm=01;35:*.rmvb=01;35:*.flc=01;35:*.avi=01;35:*.fli=01;35:*.flv=01;35:*.gl=01;35:*.dl=01;35:*.xcf=01;35:*.xwd=01;35:*.yuv=01;35:*.cgm=01;35:*.emf=01;35:*.ogv=01;35:*.ogx=01;35:*.aac=00;36:*.au=00;36:*.flac=00;36:*.m4a=00;36:*.mid=00;36:*.midi=00;36:*.mka=00;36:*.mp3=00;36:*.mpc=00;36:*.ogg=00;36:*.ra=00;36:*.wav=00;36:*.oga=00;36:*.opus=00;36:*.spx=00;36:*.xspf=00;36:'), ('GNOME_TERMINAL_SERVICE', ':1.87'), ('SSH_AGENT_LAUNCHER', 'gnome-keyring'), ('SSH_AUTH_SOCK', '/run/user/1000/keyring/ssh'), ('AMENT_PREFIX_PATH', '/home/jerry/lab1_ws/install/lab1_pkg:/home/jerry/ros2_ws/install/my_py_pkg:/home/jerry/ros2_ws/install/my_cpp_pkg:/opt/ros/humble'), ('SHELL', '/bin/bash'), ('LC_NAME', 'nl_NL.UTF-8'), ('QT_ACCESSIBILITY', '1'), ('GDMSESSION', 'ubuntu'), ('LESSCLOSE', '/usr/bin/lesspipe %s %s'), ('LC_MEASUREMENT', 'nl_NL.UTF-8'), ('LC_IDENTIFICATION', 'nl_NL.UTF-8'), ('QT_IM_MODULE', 'ibus'), ('PWD', '/home/jerry/lab1_ws/build/lab1_pkg'), ('LC_ALL', 'en_US.UTF-8'), ('XDG_CONFIG_DIRS', '/etc/xdg/xdg-ubuntu:/etc/xdg'), ('XDG_DATA_DIRS', '/usr/share/ubuntu:/usr/local/share/:/usr/share/:/var/lib/snapd/desktop'), ('PYTHONPATH', '/home/jerry/ros2_ws/build/my_py_pkg:/home/jerry/ros2_ws/install/my_py_pkg/lib/python3.10/site-packages:/opt/ros/humble/lib/python3.10/site-packages:/opt/ros/humble/local/lib/python3.10/dist-packages'), ('LC_NUMERIC', 'nl_NL.UTF-8'), ('LC_PAPER', 'nl_NL.UTF-8'), ('COLCON', '1'), ('VTE_VERSION', '6800'), ('CMAKE_PREFIX_PATH', '/home/jerry/lab1_ws/install/lab1_pkg:/home/jerry/ros2_ws/install/my_cpp_pkg:/home/jerry/ros2_ws/install/my_py_pkg:/opt/ros/humble')]), 'shell': False}
[0.058586] (lab1_pkg) StdoutLine: {'line': b'-- Found ament_cmake: 1.3.8 (/opt/ros/humble/share/ament_cmake/cmake)\n'}
[0.100005] (-) TimerEvent: {}
[0.200364] (-) TimerEvent: {}
[0.245469] (lab1_pkg) StdoutLine: {'line': b'-- Found rclcpp: 16.0.8 (/opt/ros/humble/share/rclcpp/cmake)\n'}
[0.278456] (lab1_pkg) StdoutLine: {'line': b'-- Found rosidl_generator_c: 3.1.5 (/opt/ros/humble/share/rosidl_generator_c/cmake)\n'}
[0.283956] (lab1_pkg) StdoutLine: {'line': b'-- Found rosidl_adapter: 3.1.5 (/opt/ros/humble/share/rosidl_adapter/cmake)\n'}
[0.290924] (lab1_pkg) StdoutLine: {'line': b'-- Found rosidl_generator_cpp: 3.1.5 (/opt/ros/humble/share/rosidl_generator_cpp/cmake)\n'}
[0.300512] (-) TimerEvent: {}
[0.305254] (lab1_pkg) StdoutLine: {'line': b'-- Using all available rosidl_typesupport_c: rosidl_typesupport_fastrtps_c;rosidl_typesupport_introspection_c\n'}
[0.324934] (lab1_pkg) StdoutLine: {'line': b'-- Using all available rosidl_typesupport_cpp: rosidl_typesupport_fastrtps_cpp;rosidl_typesupport_introspection_cpp\n'}
[0.400692] (-) TimerEvent: {}
[0.415460] (lab1_pkg) StdoutLine: {'line': b'-- Found rmw_implementation_cmake: 6.1.1 (/opt/ros/humble/share/rmw_implementation_cmake/cmake)\n'}
[0.417011] (lab1_pkg) StdoutLine: {'line': b'-- Found rmw_fastrtps_cpp: 6.2.6 (/opt/ros/humble/share/rmw_fastrtps_cpp/cmake)\n'}
[0.500801] (-) TimerEvent: {}
[0.555776] (lab1_pkg) StdoutLine: {'line': b"-- Using RMW implementation 'rmw_fastrtps_cpp' as default\n"}
[0.600930] (-) TimerEvent: {}
[0.701282] (-) TimerEvent: {}
[0.751766] (lab1_pkg) StdoutLine: {'line': b'-- Found rclpy: 3.3.12 (/opt/ros/humble/share/rclpy/cmake)\n'}
[0.752229] (lab1_pkg) StdoutLine: {'line': b'-- Found ackermann_msgs: 2.0.2 (/opt/ros/humble/share/ackermann_msgs/cmake)\n'}
[0.801381] (-) TimerEvent: {}
[0.877527] (lab1_pkg) StdoutLine: {'line': b'-- Found ament_lint_auto: 0.12.10 (/opt/ros/humble/share/ament_lint_auto/cmake)\n'}
[0.901948] (-) TimerEvent: {}
[0.959632] (lab1_pkg) StdoutLine: {'line': b"-- Added test 'cppcheck' to perform static code analysis on C / C++ code\n"}
[0.960115] (lab1_pkg) StdoutLine: {'line': b'-- Configured cppcheck include dirs: \n'}
[0.960236] (lab1_pkg) StdoutLine: {'line': b'-- Configured cppcheck exclude dirs and/or files: \n'}
[0.960859] (lab1_pkg) StdoutLine: {'line': b"-- Added test 'flake8' to check Python code syntax and style conventions\n"}
[0.961674] (lab1_pkg) StdoutLine: {'line': b"-- Added test 'lint_cmake' to check CMake code style\n"}
[0.962201] (lab1_pkg) StdoutLine: {'line': b"-- Added test 'pep257' to check Python code against some of the docstring style conventions in PEP 257\n"}
[0.963112] (lab1_pkg) StdoutLine: {'line': b"-- Added test 'uncrustify' to check C / C++ code style\n"}
[0.963339] (lab1_pkg) StdoutLine: {'line': b'-- Configured uncrustify additional arguments: \n'}
[0.964061] (lab1_pkg) StdoutLine: {'line': b"-- Added test 'xmllint' to check XML markup files\n"}
[0.965062] (lab1_pkg) StdoutLine: {'line': b'-- Configuring done\n'}
[0.976708] (lab1_pkg) StdoutLine: {'line': b'-- Generating done\n'}
[0.979539] (lab1_pkg) StdoutLine: {'line': b'-- Build files have been written to: /home/jerry/lab1_ws/build/lab1_pkg\n'}
[1.002090] (-) TimerEvent: {}
[1.017648] (lab1_pkg) StdoutLine: {'line': b'[ 50%] \x1b[32mBuilding CXX object CMakeFiles/relay.dir/src/relay.cpp.o\x1b[0m\n'}
[1.028006] (lab1_pkg) StdoutLine: {'line': b'[ 50%] Built target ament_cmake_python_copy_lab1_pkg\n'}
[1.102218] (-) TimerEvent: {}
[1.202528] (-) TimerEvent: {}
[1.241535] (lab1_pkg) StderrLine: {'line': b'\x1b[01m\x1b[K/home/jerry/lab1_ws/src/lab1_pkg/src/relay.cpp:2:10:\x1b[m\x1b[K \x1b[01;31m\x1b[Kfatal error: \x1b[m\x1b[Kackermann_msgs/msg/AckermannDrive.hpp: No such file or directory\n'}
[1.242185] (lab1_pkg) StderrLine: {'line': b'    2 | #include \x1b[01;31m\x1b[K"ackermann_msgs/msg/AckermannDrive.hpp"\x1b[m\x1b[K\n'}
[1.242657] (lab1_pkg) StderrLine: {'line': b'      |          \x1b[01;31m\x1b[K^~~~~~~~~~~~~~~~~~~~~~~~~~~~~~~~~~~~~~~\x1b[m\x1b[K\n'}
[1.243185] (lab1_pkg) StderrLine: {'line': b'compilation terminated.\n'}
[1.247563] (lab1_pkg) StderrLine: {'line': b'gmake[2]: *** [CMakeFiles/relay.dir/build.make:76: CMakeFiles/relay.dir/src/relay.cpp.o] Error 1\n'}
[1.248371] (lab1_pkg) StderrLine: {'line': b'gmake[1]: *** [CMakeFiles/Makefile2:140: CMakeFiles/relay.dir/all] Error 2\n'}
[1.248795] (lab1_pkg) StderrLine: {'line': b'gmake[1]: *** Waiting for unfinished jobs....\n'}
[1.302684] (-) TimerEvent: {}
[1.369673] (lab1_pkg) StdoutLine: {'line': b'running egg_info\n'}
[1.371047] (lab1_pkg) StdoutLine: {'line': b'writing lab1_pkg.egg-info/PKG-INFO\n'}
[1.372035] (lab1_pkg) StdoutLine: {'line': b'writing dependency_links to lab1_pkg.egg-info/dependency_links.txt\n'}
[1.373145] (lab1_pkg) StdoutLine: {'line': b'writing top-level names to lab1_pkg.egg-info/top_level.txt\n'}
[1.376062] (lab1_pkg) StdoutLine: {'line': b"reading manifest file 'lab1_pkg.egg-info/SOURCES.txt'\n"}
[1.377618] (lab1_pkg) StdoutLine: {'line': b"writing manifest file 'lab1_pkg.egg-info/SOURCES.txt'\n"}
[1.403922] (-) TimerEvent: {}
[1.407939] (lab1_pkg) StdoutLine: {'line': b'[ 50%] Built target ament_cmake_python_build_lab1_pkg_egg\n'}
[1.410825] (lab1_pkg) StderrLine: {'line': b'gmake: *** [Makefile:146: all] Error 2\n'}
[1.412467] (lab1_pkg) CommandEnded: {'returncode': 2}
[1.467140] (lab1_pkg) JobEnded: {'identifier': 'lab1_pkg', 'rc': 2}
[1.468817] (-) EventReactorShutdown: {}
